<?xml version="1.0" encoding="UTF-8"?>
<testsuites>
  <testsuite name="" tests="14" assertions="23" errors="0" warnings="0" failures="0" skipped="0" time="1.705363">
    <testsuite name="Project Test Suite" tests="14" assertions="23" errors="0" warnings="0" failures="0" skipped="0" time="1.705363">
      <testsuite name="App\Tests\unit\HomepageTest" file="D:\githubProjects\WebFrameworkDevProject_Eduard\tests\acceptance\HomepageTest.php" tests="4" assertions="8" errors="0" warnings="0" failures="0" skipped="0" time="0.713245">
        <testcase name="testHomePageTitleText" class="App\Tests\unit\HomepageTest" classname="App.Tests.unit.HomepageTest" file="D:\githubProjects\WebFrameworkDevProject_Eduard\tests\acceptance\HomepageTest.php" line="10" assertions="3" time="0.458489"/>
        <testcase name="testPublicUserCanSeeWelcomeBackMessageWhenLoggedIn" class="App\Tests\unit\HomepageTest" classname="App.Tests.unit.HomepageTest" file="D:\githubProjects\WebFrameworkDevProject_Eduard\tests\acceptance\HomepageTest.php" line="19" assertions="3" time="0.136247"/>
        <testcase name="testUserCanNotSeeLoginRegisterLinksWhenLoggedIn" class="App\Tests\unit\HomepageTest" classname="App.Tests.unit.HomepageTest" file="D:\githubProjects\WebFrameworkDevProject_Eduard\tests\acceptance\HomepageTest.php" line="35" assertions="1" time="0.067466"/>
        <testcase name="testUserCanSeeLoginRegisterLinksWhenNotLoggedIn" class="App\Tests\unit\HomepageTest" classname="App.Tests.unit.HomepageTest" file="D:\githubProjects\WebFrameworkDevProject_Eduard\tests\acceptance\HomepageTest.php" line="52" assertions="1" time="0.051043"/>
      </testsuite>
      <testsuite name="App\Tests\ProductCrudTest" file="D:\githubProjects\WebFrameworkDevProject_Eduard\tests\acceptance\ProductCrudTest.php" tests="6" assertions="8" errors="0" warnings="0" failures="0" skipped="0" time="0.738322">
        <testcase name="testMenuPageTitleText" class="App\Tests\ProductCrudTest" classname="App.Tests.ProductCrudTest" file="D:\githubProjects\WebFrameworkDevProject_Eduard\tests\acceptance\ProductCrudTest.php" line="14" assertions="3" time="0.094355"/>
        <testcase name="testPublicUserCanNotSeeNewProductLink" class="App\Tests\ProductCrudTest" classname="App.Tests.ProductCrudTest" file="D:\githubProjects\WebFrameworkDevProject_Eduard\tests\acceptance\ProductCrudTest.php" line="24" assertions="1" time="0.064324"/>
        <testcase name="testRoleChefUserCanSeeNewProductLink" class="App\Tests\ProductCrudTest" classname="App.Tests.ProductCrudTest" file="D:\githubProjects\WebFrameworkDevProject_Eduard\tests\acceptance\ProductCrudTest.php" line="33" assertions="1" time="0.050143"/>
        <testcase name="testUserCanNotSeeAddToBasketLinkUnlessLoggedIn" class="App\Tests\ProductCrudTest" classname="App.Tests.ProductCrudTest" file="D:\githubProjects\WebFrameworkDevProject_Eduard\tests\acceptance\ProductCrudTest.php" line="49" assertions="1" time="0.081225"/>
        <testcase name="testAccessDeniedForRoleUserWhenTryAccessNewProduct" class="App\Tests\ProductCrudTest" classname="App.Tests.ProductCrudTest" file="D:\githubProjects\WebFrameworkDevProject_Eduard\tests\acceptance\ProductCrudTest.php" line="65" assertions="1" time="0.048867"/>
        <testcase name="testRoleChefCanAddProduct" class="App\Tests\ProductCrudTest" classname="App.Tests.ProductCrudTest" file="D:\githubProjects\WebFrameworkDevProject_Eduard\tests\acceptance\ProductCrudTest.php" line="86" assertions="1" time="0.399408"/>
      </testsuite>
      <testsuite name="App\Tests\ProductDatabaseTest" file="D:\githubProjects\WebFrameworkDevProject_Eduard\tests\acceptance\ProductDatabaseTest.php" tests="1" assertions="1" errors="0" warnings="0" failures="0" skipped="0" time="0.030670">
        <testcase name="testNumberOfProductMatchFixtures" class="App\Tests\ProductDatabaseTest" classname="App.Tests.ProductDatabaseTest" file="D:\githubProjects\WebFrameworkDevProject_Eduard\tests\acceptance\ProductDatabaseTest.php" line="10" assertions="1" time="0.030670"/>
      </testsuite>
      <testsuite name="WebProjectTests\SampleTest" file="D:\githubProjects\WebFrameworkDevProject_Eduard\tests\acceptance\SampleTest.php" tests="1" assertions="1" errors="0" warnings="0" failures="0" skipped="0" time="0.000543">
        <testcase name="testItWorks" class="WebProjectTests\SampleTest" classname="WebProjectTests.SampleTest" file="D:\githubProjects\WebFrameworkDevProject_Eduard\tests\acceptance\SampleTest.php" line="9" assertions="1" time="0.000543"/>
      </testsuite>
      <testsuite name="App\Tests\UserCrudTest" file="D:\githubProjects\WebFrameworkDevProject_Eduard\tests\acceptance\UserCrudTest.php" tests="2" assertions="5" errors="0" warnings="0" failures="0" skipped="0" time="0.222582">
        <testcase name="testRoleAdminUserCanSeeUserList" class="App\Tests\UserCrudTest" classname="App.Tests.UserCrudTest" file="D:\githubProjects\WebFrameworkDevProject_Eduard\tests\acceptance\UserCrudTest.php" line="11" assertions="4" time="0.107006"/>
        <testcase name="testRoleUserCanNotSeeUserList" class="App\Tests\UserCrudTest" classname="App.Tests.UserCrudTest" file="D:\githubProjects\WebFrameworkDevProject_Eduard\tests\acceptance\UserCrudTest.php" line="41" assertions="1" time="0.115576"/>
      </testsuite>
    </testsuite>
  </testsuite>
</testsuites>
