<?xml version="1.0" encoding="UTF-8"?>
<testsuites>
  <testsuite name="" tests="13" assertions="22" errors="0" warnings="0" failures="0" skipped="0" time="1.070651">
    <testsuite name="Project Test Suite" tests="13" assertions="22" errors="0" warnings="0" failures="0" skipped="0" time="1.070651">
      <testsuite name="App\Tests\unit\HomepageTest" file="D:\githubProjects\WebFrameworkDevProject_Eduard\tests\acceptance\HomepageTest.php" tests="4" assertions="8" errors="0" warnings="0" failures="0" skipped="0" time="0.582131">
        <testcase name="testHomePageTitleText" class="App\Tests\unit\HomepageTest" classname="App.Tests.unit.HomepageTest" file="D:\githubProjects\WebFrameworkDevProject_Eduard\tests\acceptance\HomepageTest.php" line="10" assertions="3" time="0.405997"/>
        <testcase name="testPublicUserCanSeeWelcomeBackMessageWhenLoggedIn" class="App\Tests\unit\HomepageTest" classname="App.Tests.unit.HomepageTest" file="D:\githubProjects\WebFrameworkDevProject_Eduard\tests\acceptance\HomepageTest.php" line="19" assertions="3" time="0.092446"/>
        <testcase name="testUserCanNotSeeLoginRegisterLinksWhenLoggedIn" class="App\Tests\unit\HomepageTest" classname="App.Tests.unit.HomepageTest" file="D:\githubProjects\WebFrameworkDevProject_Eduard\tests\acceptance\HomepageTest.php" line="35" assertions="1" time="0.045121"/>
        <testcase name="testUserCanSeeLoginRegisterLinksWhenNotLoggedIn" class="App\Tests\unit\HomepageTest" classname="App.Tests.unit.HomepageTest" file="D:\githubProjects\WebFrameworkDevProject_Eduard\tests\acceptance\HomepageTest.php" line="52" assertions="1" time="0.038567"/>
      </testsuite>
      <testsuite name="App\Tests\ProductCrudTest" file="D:\githubProjects\WebFrameworkDevProject_Eduard\tests\acceptance\ProductCrudTest.php" tests="5" assertions="7" errors="0" warnings="0" failures="0" skipped="0" time="0.267392">
        <testcase name="testMenuPageTitleText" class="App\Tests\ProductCrudTest" classname="App.Tests.ProductCrudTest" file="D:\githubProjects\WebFrameworkDevProject_Eduard\tests\acceptance\ProductCrudTest.php" line="14" assertions="3" time="0.056139"/>
        <testcase name="testPublicUserCanNotSeeNewProductLink" class="App\Tests\ProductCrudTest" classname="App.Tests.ProductCrudTest" file="D:\githubProjects\WebFrameworkDevProject_Eduard\tests\acceptance\ProductCrudTest.php" line="24" assertions="1" time="0.043286"/>
        <testcase name="testRoleChefUserCanSeeNewProductLink" class="App\Tests\ProductCrudTest" classname="App.Tests.ProductCrudTest" file="D:\githubProjects\WebFrameworkDevProject_Eduard\tests\acceptance\ProductCrudTest.php" line="33" assertions="1" time="0.037084"/>
        <testcase name="testUserCanNotSeeAddToBasketLinkUnlessLoggedIn" class="App\Tests\ProductCrudTest" classname="App.Tests.ProductCrudTest" file="D:\githubProjects\WebFrameworkDevProject_Eduard\tests\acceptance\ProductCrudTest.php" line="49" assertions="1" time="0.078947"/>
        <testcase name="testAccessDeniedForRoleUserWhenTryAccessNewProduct" class="App\Tests\ProductCrudTest" classname="App.Tests.ProductCrudTest" file="D:\githubProjects\WebFrameworkDevProject_Eduard\tests\acceptance\ProductCrudTest.php" line="65" assertions="1" time="0.051936"/>
      </testsuite>
      <testsuite name="App\Tests\ProductDatabaseTest" file="D:\githubProjects\WebFrameworkDevProject_Eduard\tests\acceptance\ProductDatabaseTest.php" tests="1" assertions="1" errors="0" warnings="0" failures="0" skipped="0" time="0.034839">
        <testcase name="testNumberOfProductMatchFixtures" class="App\Tests\ProductDatabaseTest" classname="App.Tests.ProductDatabaseTest" file="D:\githubProjects\WebFrameworkDevProject_Eduard\tests\acceptance\ProductDatabaseTest.php" line="10" assertions="1" time="0.034839"/>
      </testsuite>
      <testsuite name="WebProjectTests\SampleTest" file="D:\githubProjects\WebFrameworkDevProject_Eduard\tests\acceptance\SampleTest.php" tests="1" assertions="1" errors="0" warnings="0" failures="0" skipped="0" time="0.000709">
        <testcase name="testItWorks" class="WebProjectTests\SampleTest" classname="WebProjectTests.SampleTest" file="D:\githubProjects\WebFrameworkDevProject_Eduard\tests\acceptance\SampleTest.php" line="9" assertions="1" time="0.000709"/>
      </testsuite>
      <testsuite name="App\Tests\UserCrudTest" file="D:\githubProjects\WebFrameworkDevProject_Eduard\tests\acceptance\UserCrudTest.php" tests="2" assertions="5" errors="0" warnings="0" failures="0" skipped="0" time="0.185581">
        <testcase name="testRoleAdminUserCanSeeUserList" class="App\Tests\UserCrudTest" classname="App.Tests.UserCrudTest" file="D:\githubProjects\WebFrameworkDevProject_Eduard\tests\acceptance\UserCrudTest.php" line="11" assertions="4" time="0.110045"/>
        <testcase name="testRoleUserCanNotSeeUserList" class="App\Tests\UserCrudTest" classname="App.Tests.UserCrudTest" file="D:\githubProjects\WebFrameworkDevProject_Eduard\tests\acceptance\UserCrudTest.php" line="41" assertions="1" time="0.075536"/>
      </testsuite>
    </testsuite>
  </testsuite>
</testsuites>
