<?xml version="1.0" encoding="UTF-8"?>
<testsuites>
  <testsuite name="" tests="13" assertions="22" errors="0" warnings="0" failures="0" skipped="0" time="1.247653">
    <testsuite name="Project Test Suite" tests="13" assertions="22" errors="0" warnings="0" failures="0" skipped="0" time="1.247653">
      <testsuite name="App\Tests\unit\HomepageTest" file="D:\githubProjects\WebFrameworkDevProject_Eduard\tests\acceptance\HomepageTest.php" tests="4" assertions="8" errors="0" warnings="0" failures="0" skipped="0" time="0.696580">
        <testcase name="testHomePageTitleText" class="App\Tests\unit\HomepageTest" classname="App.Tests.unit.HomepageTest" file="D:\githubProjects\WebFrameworkDevProject_Eduard\tests\acceptance\HomepageTest.php" line="10" assertions="3" time="0.478205"/>
        <testcase name="testPublicUserCanSeeWelcomeBackMessageWhenLoggedIn" class="App\Tests\unit\HomepageTest" classname="App.Tests.unit.HomepageTest" file="D:\githubProjects\WebFrameworkDevProject_Eduard\tests\acceptance\HomepageTest.php" line="19" assertions="3" time="0.111424"/>
        <testcase name="testUserCanNotSeeLoginRegisterLinksWhenLoggedIn" class="App\Tests\unit\HomepageTest" classname="App.Tests.unit.HomepageTest" file="D:\githubProjects\WebFrameworkDevProject_Eduard\tests\acceptance\HomepageTest.php" line="35" assertions="1" time="0.058332"/>
        <testcase name="testUserCanSeeLoginRegisterLinksWhenNotLoggedIn" class="App\Tests\unit\HomepageTest" classname="App.Tests.unit.HomepageTest" file="D:\githubProjects\WebFrameworkDevProject_Eduard\tests\acceptance\HomepageTest.php" line="52" assertions="1" time="0.048620"/>
      </testsuite>
      <testsuite name="App\Tests\ProductCrudTest" file="D:\githubProjects\WebFrameworkDevProject_Eduard\tests\acceptance\ProductCrudTest.php" tests="5" assertions="7" errors="0" warnings="0" failures="0" skipped="0" time="0.332705">
        <testcase name="testMenuPageTitleText" class="App\Tests\ProductCrudTest" classname="App.Tests.ProductCrudTest" file="D:\githubProjects\WebFrameworkDevProject_Eduard\tests\acceptance\ProductCrudTest.php" line="14" assertions="3" time="0.092650"/>
        <testcase name="testPublicUserCanNotSeeNewProductLink" class="App\Tests\ProductCrudTest" classname="App.Tests.ProductCrudTest" file="D:\githubProjects\WebFrameworkDevProject_Eduard\tests\acceptance\ProductCrudTest.php" line="24" assertions="1" time="0.067022"/>
        <testcase name="testRoleChefUserCanSeeNewProductLink" class="App\Tests\ProductCrudTest" classname="App.Tests.ProductCrudTest" file="D:\githubProjects\WebFrameworkDevProject_Eduard\tests\acceptance\ProductCrudTest.php" line="33" assertions="1" time="0.042037"/>
        <testcase name="testUserCanNotSeeAddToBasketLinkUnlessLoggedIn" class="App\Tests\ProductCrudTest" classname="App.Tests.ProductCrudTest" file="D:\githubProjects\WebFrameworkDevProject_Eduard\tests\acceptance\ProductCrudTest.php" line="49" assertions="1" time="0.067666"/>
        <testcase name="testAccessDeniedForRoleUserWhenTryAccessNewProduct" class="App\Tests\ProductCrudTest" classname="App.Tests.ProductCrudTest" file="D:\githubProjects\WebFrameworkDevProject_Eduard\tests\acceptance\ProductCrudTest.php" line="65" assertions="1" time="0.063330"/>
      </testsuite>
      <testsuite name="App\Tests\ProductDatabaseTest" file="D:\githubProjects\WebFrameworkDevProject_Eduard\tests\acceptance\ProductDatabaseTest.php" tests="1" assertions="1" errors="0" warnings="0" failures="0" skipped="0" time="0.039761">
        <testcase name="testNumberOfProductMatchFixtures" class="App\Tests\ProductDatabaseTest" classname="App.Tests.ProductDatabaseTest" file="D:\githubProjects\WebFrameworkDevProject_Eduard\tests\acceptance\ProductDatabaseTest.php" line="10" assertions="1" time="0.039761"/>
      </testsuite>
      <testsuite name="WebProjectTests\SampleTest" file="D:\githubProjects\WebFrameworkDevProject_Eduard\tests\acceptance\SampleTest.php" tests="1" assertions="1" errors="0" warnings="0" failures="0" skipped="0" time="0.000755">
        <testcase name="testItWorks" class="WebProjectTests\SampleTest" classname="WebProjectTests.SampleTest" file="D:\githubProjects\WebFrameworkDevProject_Eduard\tests\acceptance\SampleTest.php" line="9" assertions="1" time="0.000755"/>
      </testsuite>
      <testsuite name="App\Tests\UserCrudTest" file="D:\githubProjects\WebFrameworkDevProject_Eduard\tests\acceptance\UserCrudTest.php" tests="2" assertions="5" errors="0" warnings="0" failures="0" skipped="0" time="0.177852">
        <testcase name="testRoleAdminUserCanSeeUserList" class="App\Tests\UserCrudTest" classname="App.Tests.UserCrudTest" file="D:\githubProjects\WebFrameworkDevProject_Eduard\tests\acceptance\UserCrudTest.php" line="11" assertions="4" time="0.086053"/>
        <testcase name="testRoleUserCanNotSeeUserList" class="App\Tests\UserCrudTest" classname="App.Tests.UserCrudTest" file="D:\githubProjects\WebFrameworkDevProject_Eduard\tests\acceptance\UserCrudTest.php" line="41" assertions="1" time="0.091799"/>
      </testsuite>
    </testsuite>
  </testsuite>
</testsuites>
